[debug] [2025-03-15T21:12:38.593Z] ----------------------------------------------------------------------
[debug] [2025-03-15T21:12:38.595Z] Command:       /Users/navidjalilian/.nvm/versions/node/v22.12.0/bin/node /Users/navidjalilian/.nvm/versions/node/v22.12.0/bin/firebase deploy
[debug] [2025-03-15T21:12:38.595Z] CLI Version:   13.31.2
[debug] [2025-03-15T21:12:38.596Z] Platform:      darwin
[debug] [2025-03-15T21:12:38.596Z] Node Version:  v22.12.0
[debug] [2025-03-15T21:12:38.596Z] Time:          Sun Mar 16 2025 00:42:38 GMT+0330 (Iran Standard Time)
[debug] [2025-03-15T21:12:38.596Z] ----------------------------------------------------------------------
[debug] 
[debug] [2025-03-15T21:12:38.598Z] >>> [apiv2][query] GET https://firebase-public.firebaseio.com/cli.json [none]
[debug] [2025-03-15T21:12:38.772Z] > command requires scopes: ["email","openid","https://www.googleapis.com/auth/cloudplatformprojects.readonly","https://www.googleapis.com/auth/firebase","https://www.googleapis.com/auth/cloud-platform"]
[debug] [2025-03-15T21:12:38.772Z] > authorizing via signed-in user (navidj1360@gmail.com)
[debug] [2025-03-15T21:12:38.772Z] [iam] checking project lifequest-f3c82 for permissions ["datastore.indexes.create","datastore.indexes.delete","datastore.indexes.list","datastore.indexes.update","firebase.projects.get","firebasehosting.sites.update"]
[debug] [2025-03-15T21:12:38.773Z] Checked if tokens are valid: true, expires at: 1742076746998
[debug] [2025-03-15T21:12:38.773Z] Checked if tokens are valid: true, expires at: 1742076746998
[debug] [2025-03-15T21:12:38.773Z] >>> [apiv2][query] POST https://cloudresourcemanager.googleapis.com/v1/projects/lifequest-f3c82:testIamPermissions [none]
[debug] [2025-03-15T21:12:38.773Z] >>> [apiv2][(partial)header] POST https://cloudresourcemanager.googleapis.com/v1/projects/lifequest-f3c82:testIamPermissions x-goog-quota-user=projects/lifequest-f3c82
[debug] [2025-03-15T21:12:38.773Z] >>> [apiv2][body] POST https://cloudresourcemanager.googleapis.com/v1/projects/lifequest-f3c82:testIamPermissions {"permissions":["datastore.indexes.create","datastore.indexes.delete","datastore.indexes.list","datastore.indexes.update","firebase.projects.get","firebasehosting.sites.update"]}
[debug] [2025-03-15T21:12:38.949Z] *** [apiv2] error from fetch(https://firebase-public.firebaseio.com/cli.json, {"headers":{},"method":"GET"}): FetchError: request to https://firebase-public.firebaseio.com/cli.json failed, reason: Client network socket disconnected before secure TLS connection was established
[warn] ⚠  Unable to fetch the CLI MOTD and remote config. This is not a fatal error, but may indicate an issue with your network connection. 
[debug] [2025-03-15T21:12:38.950Z] Failed to fetch MOTD FirebaseError: Failed to make request to https://firebase-public.firebaseio.com/cli.json
[debug] [2025-03-15T21:12:39.542Z] <<< [apiv2][status] POST https://cloudresourcemanager.googleapis.com/v1/projects/lifequest-f3c82:testIamPermissions 403
[debug] [2025-03-15T21:12:39.542Z] <<< [apiv2][body] POST https://cloudresourcemanager.googleapis.com/v1/projects/lifequest-f3c82:testIamPermissions "<!DOCTYPE html>\n<html lang=en>\n  <meta charset=utf-8>\n  <meta name=viewport content=\"initial-scale=1, minimum-scale=1, width=device-width\">\n  <title>Error 403 (Forbidden)!!1</title>\n  <style>\n    *{margin:0;padding:0}html,code{font:15px/22px arial,sans-serif}html{background:#fff;color:#222;padding:15px}body{margin:7% auto 0;max-width:390px;min-height:180px;padding:30px 0 15px}* > body{background:url(//www.google.com/images/errors/robot.png) 100% 5px no-repeat;padding-right:205px}p{margin:11px 0 22px;overflow:hidden}ins{color:#777;text-decoration:none}a img{border:0}@media screen and (max-width:772px){body{background:none;margin-top:0;max-width:none;padding-right:0}}#logo{background:url(//www.google.com/images/branding/googlelogo/1x/googlelogo_color_150x54dp.png) no-repeat;margin-left:-5px}@media only screen and (min-resolution:192dpi){#logo{background:url(//www.google.com/images/branding/googlelogo/2x/googlelogo_color_150x54dp.png) no-repeat 0% 0%/100% 100%;-moz-border-image:url(//www.google.com/images/branding/googlelogo/2x/googlelogo_color_150x54dp.png) 0}}@media only screen and (-webkit-min-device-pixel-ratio:2){#logo{background:url(//www.google.com/images/branding/googlelogo/2x/googlelogo_color_150x54dp.png) no-repeat;-webkit-background-size:100% 100%}}#logo{display:inline-block;height:54px;width:150px}\n  </style>\n  <a href=//www.google.com/><span id=logo aria-label=Google></span></a>\n  <p><b>403.</b> <ins>That’s an error.</ins>\n  <p>Your client does not have permission to get URL <code>/v1/projects/lifequest-f3c82:testIamPermissions</code> from this server.  <ins>That’s all we know.</ins>\n"
[debug] [2025-03-15T21:12:39.542Z] [iam] error while checking permissions, command may fail: Unable to parse JSON: SyntaxError: Unexpected token '<', "<!DOCTYPE "... is not valid JSON
[debug] [2025-03-15T21:12:39.543Z] Checked if tokens are valid: true, expires at: 1742076746998
[debug] [2025-03-15T21:12:39.543Z] Checked if tokens are valid: true, expires at: 1742076746998
[debug] [2025-03-15T21:12:39.543Z] >>> [apiv2][query] GET https://firebase.googleapis.com/v1beta1/projects/lifequest-f3c82 [none]
[debug] [2025-03-15T21:12:40.256Z] <<< [apiv2][status] GET https://firebase.googleapis.com/v1beta1/projects/lifequest-f3c82 403
[debug] [2025-03-15T21:12:40.257Z] <<< [apiv2][body] GET https://firebase.googleapis.com/v1beta1/projects/lifequest-f3c82 "<!DOCTYPE html>\n<html lang=en>\n  <meta charset=utf-8>\n  <meta name=viewport content=\"initial-scale=1, minimum-scale=1, width=device-width\">\n  <title>Error 403 (Forbidden)!!1</title>\n  <style>\n    *{margin:0;padding:0}html,code{font:15px/22px arial,sans-serif}html{background:#fff;color:#222;padding:15px}body{margin:7% auto 0;max-width:390px;min-height:180px;padding:30px 0 15px}* > body{background:url(//www.google.com/images/errors/robot.png) 100% 5px no-repeat;padding-right:205px}p{margin:11px 0 22px;overflow:hidden}ins{color:#777;text-decoration:none}a img{border:0}@media screen and (max-width:772px){body{background:none;margin-top:0;max-width:none;padding-right:0}}#logo{background:url(//www.google.com/images/branding/googlelogo/1x/googlelogo_color_150x54dp.png) no-repeat;margin-left:-5px}@media only screen and (min-resolution:192dpi){#logo{background:url(//www.google.com/images/branding/googlelogo/2x/googlelogo_color_150x54dp.png) no-repeat 0% 0%/100% 100%;-moz-border-image:url(//www.google.com/images/branding/googlelogo/2x/googlelogo_color_150x54dp.png) 0}}@media only screen and (-webkit-min-device-pixel-ratio:2){#logo{background:url(//www.google.com/images/branding/googlelogo/2x/googlelogo_color_150x54dp.png) no-repeat;-webkit-background-size:100% 100%}}#logo{display:inline-block;height:54px;width:150px}\n  </style>\n  <a href=//www.google.com/><span id=logo aria-label=Google></span></a>\n  <p><b>403.</b> <ins>That’s an error.</ins>\n  <p>Your client does not have permission to get URL <code>/v1beta1/projects/lifequest-f3c82</code> from this server.  <ins>That’s all we know.</ins>\n"
[debug] [2025-03-15T21:12:40.257Z] Unable to parse JSON: SyntaxError: Unexpected token '<', "<!DOCTYPE "... is not valid JSON
[error] 
[error] Error: Assertion failed: resolving hosting target of a site with no site name or target name. This should have caused an error earlier
